        -:    0:Source:/home/cyxy/files/access/cdata/version/v867/test_data/defect_root/source/tcas.c
        -:    0:Graph:/home/cyxy/files/access/cdata/version/v867/test_data/defect_root/source/tcas.gcno
        -:    0:Data:/home/cyxy/files/access/cdata/version/v867/test_data/defect_root/source/tcas.gcda
        -:    0:Runs:8
        -:    1:#include <stdio.h>
        -:    2:#include <stdlib.h>
        -:    3:
        8:    4:int main(int argc, char *argv[])
        -:    5:{
        -:    6:    long n, m;
        8:    7:    scanf("%ld %ld", &n, &m);
       8*:    8:    printf("%ld\n", ((((n+m)/3) <= n) && (((n+m)/3) <= m))?((n+m)/3):((((n+m)/3) >= n) && (n <= m))?n:m);
        8:    9:    return 0;
        -:   10:}
