        -:    0:Source:/home/cyxy/files/access/cdata/version/v620/test_data/defect_root/source/tcas.c
        -:    0:Graph:/home/cyxy/files/access/cdata/version/v620/test_data/defect_root/source/tcas.gcno
        -:    0:Data:/home/cyxy/files/access/cdata/version/v620/test_data/defect_root/source/tcas.gcda
        -:    0:Runs:7
        -:    1:#include<stdio.h>
        -:    2:char A[100000]; int i;
        7:    3:int main(int argc, char *argv[]){
        7:    4:	scanf("%s",A);
       40:    5:	for(i=0; A[i] ; i++)
       40:    6:		if(A[i] != '0' && A[i+1])
       33:    7:			printf("1");
        -:    8:	   else
        -:    9:			break;
        -:   10:
       7*:   11:	for(i++ ; A[i] ; i++)
    #####:   12:		printf("%c",A[i]);
        -:   13:
        7:   14:	return 0;
        -:   15:}
        -:   16:
        -:   17:
