        -:    0:Source:/home/cyxy/files/access/cdata/version/v1505/test_data/defect_root/source/tcas.c
        -:    0:Graph:/home/cyxy/files/access/cdata/version/v1505/test_data/defect_root/source/tcas.gcno
        -:    0:Data:/home/cyxy/files/access/cdata/version/v1505/test_data/defect_root/source/tcas.gcda
        -:    0:Runs:11
        -:    1:#include<stdio.h>
        -:    2:
       11:    3:int main(int argc, char *argv[])
        -:    4:{
        -:    5:	int d1,d2;
        -:    6:	char s1[100],s2[100],s3[100];
        -:    7:	
       11:    8:	scanf("%s%s%s",s1,s2,s3);
        -:    9:	
       11:   10:	if(s2[0]=='T')
        5:   11:		d1=10;
        6:   12:	else if(s2[0]=='J')
    #####:   13:		d1=11;
        6:   14:	else if(s2[0]=='Q')
    #####:   15:		d1=12;
        6:   16:	else if(s2[0]=='K')
    #####:   17:		d1=13;
        6:   18:	else if(s2[0]=='A')
    #####:   19:		d1=14;
        -:   20:	else
        6:   21:		d1=s2[0]-'0';
        -:   22:	
        -:   23:	
       11:   24:	if(s3[0]=='T')
        1:   25:		d2=10;
       10:   26:	else if(s3[0]=='J')
        4:   27:		d2=11;
        6:   28:	else if(s3[0]=='Q')
        2:   29:		d2=12;
        4:   30:	else if(s3[0]=='K')
        3:   31:		d2=13;
        1:   32:	else if(s3[0]=='A')
        1:   33:		d2=14;
        -:   34:	else
    #####:   35:		d2=s3[0]-'0';
        -:   36:	
        -:   37:	
       11:   38:	if(s2[1]==s3[1]&&d1>d2)
    #####:   39:		printf("YES");
        -:   40:	
       11:   41:	else if(s2[1]==s1[0]&&s1[0]!=s3[1])
    #####:   42:		printf("YES");
        -:   43:	
        -:   44:	else
       11:   45:		printf("NO");
        -:   46:	
       11:   47:	return 0;
        -:   48:}
