        -:    0:Source:/home/cyxy/files/access/cdata/version/v643/test_data/defect_root/source/tcas.c
        -:    0:Graph:/home/cyxy/files/access/cdata/version/v643/test_data/defect_root/source/tcas.gcno
        -:    0:Data:/home/cyxy/files/access/cdata/version/v643/test_data/defect_root/source/tcas.gcda
        -:    0:Runs:7
        -:    1:#include <stdio.h>
        -:    2:#include <stdlib.h>
        -:    3:
        7:    4:int main(int argc, char *argv[])
        -:    5:{
        -:    6:    int n;
        7:    7:    scanf("%d",&n);
        7:    8:    printf("%d %d",(n+1)/36,(n+1)%36/3);
        7:    9:    return 0;
        -:   10:}
