        -:    0:Source:/home/cyxy/files/access/cdata/version/v631/test_data/defect_root/source/tcas.c
        -:    0:Graph:/home/cyxy/files/access/cdata/version/v631/test_data/defect_root/source/tcas.gcno
        -:    0:Data:/home/cyxy/files/access/cdata/version/v631/test_data/defect_root/source/tcas.gcda
        -:    0:Runs:6
        -:    1:#include<stdio.h>
        -:    2:#include<string.h>
        6:    3:int main(int argc, char *argv[])
        -:    4:{
        -:    5: int n,k,t,i;
        6:    6:long res=0;
        6:    7:int mod=0;
        6:    8:int temp=0;
        6:    9:scanf("%d%d%d",&n,&k,&t);
        6:   10:res =(n*k*t)/100;
        6:   11:mod = res % k;
        6:   12:temp = res/k;
      144:   13:for(i=0;i<temp;i++)
      138:   14:printf("%d ",k);
        6:   15:if(temp<n)
    #####:   16:printf("%d ",mod);
        -:   17:
       6*:   18:for(i=(temp+2);i<=n;i++)
    #####:   19:printf("0 ");
        -:   20:
        -:   21:
        6:   22:return 0;
        -:   23:}
