        -:    0:Source:/home/cyxy/files/access/cdata/version/v1483/test_data/defect_root/source/tcas.c
        -:    0:Graph:/home/cyxy/files/access/cdata/version/v1483/test_data/defect_root/source/tcas.gcno
        -:    0:Data:/home/cyxy/files/access/cdata/version/v1483/test_data/defect_root/source/tcas.gcda
        -:    0:Runs:4
        -:    1:#include<stdio.h>
        -:    2:#include<stdlib.h>
        -:    3:
        4:    4:int main(int argc, char *argv[])
        -:    5:{
        -:    6:	char ch[8][8];
        -:    7:	int i,j;
       36:    8:	for(i=0;i<8;i++)
        -:    9:	{
      288:   10:		for(j=0;j<8;j++)
      256:   11:			scanf("%c",&ch[i][j]);
       32:   12:		scanf("%*C");
        -:   13:	}
       32:   14:	for(i=0;i<8;i++)
        -:   15:	{
      233:   16:		for(j=0;j<7;j++)
        -:   17:		{
      205:   18:			if(ch[i][j] == ch[i][j+1])
        -:   19:			{
        4:   20:				printf("NO\n");
        4:   21:				return 0;
        -:   22:			}
        -:   23:		}
        -:   24:	}
    #####:   25:	printf("YES\n");
    #####:   26:	return 0;
        -:   27:}
