        -:    0:Source:/home/cyxy/files/access/cdata/version/v1554/test_data/defect_root/source/tcas.c
        -:    0:Graph:/home/cyxy/files/access/cdata/version/v1554/test_data/defect_root/source/tcas.gcno
        -:    0:Data:/home/cyxy/files/access/cdata/version/v1554/test_data/defect_root/source/tcas.gcda
        -:    0:Runs:1
        -:    1:#include<stdio.h>
        -:    2:
        1:    3:int main(int argc, char *argv[])
        -:    4:{
        -:    5:
        -:    6:	int m[9],i,a,b;
        -:    7:	
       10:    8:	for(i=0;i<9;i++) m[i]=0;
        -:    9:	
        7:   10:	for(i=0;i<6;i++)
        -:   11:	{
        6:   12:		scanf("%d",&a);
        6:   13:		m[a-1]++;
        -:   14:	}
        -:   15:	
      10*:   16:	for(i=0;i<9;i++) if(m[i]>=4) break;
        -:   17:	
        1:   18:	if(m[i]<4||m[i]>6) printf("Alien");
        -:   19:	
        -:   20:	else
        -:   21:	{ 
    #####:   22:		m[i]-=4;
    #####:   23:		a=0;
    #####:   24:		b=0;
        -:   25:		
    #####:   26:		for(i=0;i<9;i++)
        -:   27:		{
    #####:   28:			if(m[i]==1 && a==0) a=i;
    #####:   29:			else if(m[i]==1) b=i;
        -:   30:		}
        -:   31:		
    #####:   32:		if(a==b) printf("Elephant");
    #####:   33:		else printf("Bear");
        -:   34:	}
        -:   35:
        1:   36:return 0; //ADDED
        -:   37:}
