        -:    0:Source:F:/Prgorams/Python/access/cdata/version/v1735/test_data/defect_root/source/tcas.c
        -:    0:Graph:tcas.gcno
        -:    0:Data:tcas.gcda
        -:    0:Runs:1
        -:    1:#include<stdio.h>
        -:    2:#include<stdlib.h>
        -:    3:#include<math.h>
        -:    4:#define REP(i,a,b) for(i=a;i<b;i++)
        -:    5:#define rep(i,n) REP(i,0,n)
        -:    6:
        1:    7:int main(int argc, char *argv[]){
        -:    8:  int i,j,k,l,m,n;
        -:    9:  int now[200001], L, ind, len, s, ok;
        -:   10:  int p[1000];
        -:   11:  int mae, ushiro;
        -:   12:
        1:   13:  while(scanf("%d%d%d%d",&L,&mae,&ushiro,&n)==4){
        1:   14:    L += mae + ushiro;
       34:   15:    rep(i,L) now[i]=0; ind = 0;
        7:   16:    rep(i,n) p[i]=-1;
        7:   17:    while(n--){
        6:   18:      scanf("%d%d",&m,&len); ind++;
        6:   19:      if(m==1){
        5:   20:        s = len + mae + ushiro;
        5:   21:        ok = 0;
       62:   22:        rep(i,L-s+1){
      148:   23:          rep(j,s) if(now[i+j]) break;
       62:   24:          if(j==s){ ok=1; break; }
        -:   25:        }
       5*:   26:        if(!ok){puts("-1"); continue;}
        5:   27:        printf("%d\n",i);
       28:   28:        rep(k,len) now[i+k+mae]=ind; p[ind]=i+mae;
        -:   29:
        -:   30:/*        rep(k,L) printf("%d",now[k]); puts("");*/
        -:   31:      } else {
       1*:   32:        if(p[len]<0) continue;
        1:   33:        k=p[len]; p[len]=-1;
        5:   34:        while(now[k]==len) now[k]=0, k++;
        -:   35:      }
        -:   36:    }
        1:   37:    break;
        -:   38:  }
        -:   39:
        1:   40:  return 0;
        -:   41:}
