        -:    0:Source:/home/cyxy/files/access/cdata/version/v855/test_data/defect_root/source/tcas.c
        -:    0:Graph:/home/cyxy/files/access/cdata/version/v855/test_data/defect_root/source/tcas.gcno
        -:    0:Data:/home/cyxy/files/access/cdata/version/v855/test_data/defect_root/source/tcas.gcda
        -:    0:Runs:3
        -:    1:#include<stdio.h>
        3:    2:int main(int argc, char *argv[])
        -:    3:{
        3:    4:    int n,i,livea=0,liveb=0,deada=0,deadb=0;
        -:    5:    short a,b,c;
        3:    6:    scanf("%d",&n);
     1026:    7:    for(i=0;i<n;i++)
        -:    8:    {
     1023:    9:        scanf("%hd%hd%hd",&a,&b,&c);
     1023:   10:        if(a==1)
        -:   11:        {
       40:   12:            livea+=b;
       40:   13:            deada+=c;
        -:   14:        }
        -:   15:        else
        -:   16:        {
      983:   17:            liveb+=b;
      983:   18:            deadb+=c;
        -:   19:        }
        -:   20:    }
        3:   21:    if(livea>=deada)
        1:   22:        printf("LIVE\n");
        -:   23:    else
        2:   24:        printf("DEAD\n");
        3:   25:    if(liveb>=deadb)
        2:   26:        printf("LIVE\n");
        -:   27:    else
        1:   28:        printf("DEAD\n");
        3:   29:    return(0);
        -:   30:}
