        -:    0:Source:/home/cyxy/files/access/cdata/version/v1680/test_data/defect_root/source/tcas.c
        -:    0:Graph:/home/cyxy/files/access/cdata/version/v1680/test_data/defect_root/source/tcas.gcno
        -:    0:Data:/home/cyxy/files/access/cdata/version/v1680/test_data/defect_root/source/tcas.gcda
        -:    0:Runs:1
        -:    1:#include<stdio.h>
        -:    2:int a[1000000],last[1000000],table[1000000];
        1:    3:int main(int argc, char *argv[])
        -:    4:{
        -:    5:    int i,n,m,t;
        1:    6:    scanf("%d%d",&n,&m);
        8:    7:    for(i=1;i<=n;i++)
        -:    8:    {
        7:    9:        scanf("%d",&a[i]);
        -:   10:    }
        1:   11:    last[n] = 1;
        1:   12:    table[a[n]] = 1;
        7:   13:    for(i=n-1;i>0;i--)
        -:   14:    {
        6:   15:        if(table[a[i]]==0)
        -:   16:        {
        5:   17:            last[i] = last[i+1]+1;
        5:   18:            table[a[i]] = 1;
        -:   19:        }
        1:   20:        else last[i] = last[i+1];
        -:   21:    }
       11:   22:    for(i=0;i<m;i++)
        -:   23:    {
       10:   24:        scanf("%d",&t);
       10:   25:        printf("%d\n",last[t]);
        -:   26:    }
        1:   27:    scanf(" ");
        1:   28:return 0;
        -:   29:}
