        -:    0:Source:/home/cyxy/files/access/cdata/version/v1671/test_data/defect_root/source/tcas.c
        -:    0:Graph:/home/cyxy/files/access/cdata/version/v1671/test_data/defect_root/source/tcas.gcno
        -:    0:Data:/home/cyxy/files/access/cdata/version/v1671/test_data/defect_root/source/tcas.gcda
        -:    0:Runs:1
        -:    1:#include <stdio.h>
        -:    2:
        1:    3:int main(int argc, char *argv[])
        -:    4:{
        -:    5:	int n,i,j;
        1:    6:	scanf("%d",&n);
        -:    7:	char str[1001];
        -:    8:	char ch[10001];
        1:    9:	scanf("%s",str);
        1:   10:	if (n%2==0){
        1:   11:		j=0;
        3:   12:		for (i=0;i<n+n/2-1;i++){
        2:   13:			if ((i+1)%3==0){
    #####:   14:			ch[i]='-';
        -:   15:			}
        -:   16:			else{
        -:   17:				
        2:   18:				ch[i]=str[j];
        -:   19:			//i=i+1;
        2:   20:			j=j+1;
        -:   21:			}
        -:   22:			
        -:   23:		}
        -:   24:	}
        -:   25:	else{
    #####:   26:		for(i=0;i<3;i++){
    #####:   27:			ch[i]=str[i];
        -:   28:		}
    #####:   29:		if (n>3){
    #####:   30:		ch[3]='-';
        -:   31:		}
    #####:   32:		j=3;
    #####:   33:		for (i=4;i<n+n/2-1;i++){
    #####:   34:			if (i%3==0){
    #####:   35:			ch[i]='-';
        -:   36:			}
        -:   37:			else{
        -:   38:				
    #####:   39:			ch[i]=str[j];
        -:   40:			//i=i+1;
    #####:   41:			j=j+1;
        -:   42:			}
        -:   43:			
        -:   44:		}
        -:   45:	}
        1:   46:	printf("%s",ch);
        1:   47:	return 0;
        -:   48:}
