        -:    0:Source:/home/cyxy/files/access/cdata/version/v572/test_data/defect_root/source/tcas.c
        -:    0:Graph:/home/cyxy/files/access/cdata/version/v572/test_data/defect_root/source/tcas.gcno
        -:    0:Data:/home/cyxy/files/access/cdata/version/v572/test_data/defect_root/source/tcas.gcda
        -:    0:Runs:6
        -:    1:#include<stdio.h>
        -:    2:#include<string.h>
        -:    3:char stack[100001]={'\0'};
        -:    4:int top=-1;
      535:    5:push(char a)
        -:    6:{
      535:    7:	top++;
      535:    8:	stack[top]=a;
      535:    9:}
        4:   10:int pop()
        -:   11:{
        4:   12:	top=top-1;
        4:   13:	return stack[top+1];
        -:   14:}
        6:   15:int isempty()
        -:   16:{
        6:   17:	if(top==-1)
    #####:   18:	return 1;
        6:   19:	else return 0;
        -:   20:}
      539:   21:int full()
        -:   22:{
      539:   23:	if(top==100000)
    #####:   24:	return 1;
      539:   25:	else return 0;
        -:   26:}
        6:   27:int main(int argc, char *argv[])
        -:   28:{
        6:   29:	int n,i,c=0;
        -:   30:	char k;
        -:   31:	char ch[100001];
        6:   32:	scanf("%s",ch);
        6:   33:	n=strlen(ch);
        6:   34:	char *s=&ch[0];
      545:   35:	for(i=0;i<n;i++)
        -:   36:	{
      539:   37:		if(*(s+i)=='+')
        -:   38:		{
      265:   39:		if(!full())
        -:   40:		{
      265:   41:		if(top==-1)
        2:   42:		push('+');
        -:   43:		else
        -:   44:		{
      263:   45:			if(stack[top]=='+')
    #####:   46:			k=pop();
      263:   47:			else push('+');
        -:   48:		}
        -:   49:		}
        -:   50:		}
        -:   51:		else{ 
      274:   52:				if(!full())
        -:   53:			{
      274:   54:			if(top==-1)
        4:   55:			push('-');
        -:   56:			else
        -:   57:			{
      270:   58:				if(stack[top]=='-')
        4:   59:				k=pop();
      266:   60:				else push('-');
        -:   61:			
        -:   62:			}
        -:   63:			}			
        -:   64:			}
        -:   65:	}
        6:   66:	if(c==0)
       6*:   67:	if(isempty()) printf("Yes");
        6:   68:	else printf("No");
        6:   69:	return 0;
        -:   70:}
        -:   71:
