        -:    0:Source:/home/cyxy/files/access/cdata/version/v502/test_data/defect_root/source/tcas.c
        -:    0:Graph:/home/cyxy/files/access/cdata/version/v502/test_data/defect_root/source/tcas.gcno
        -:    0:Data:/home/cyxy/files/access/cdata/version/v502/test_data/defect_root/source/tcas.gcda
        -:    0:Runs:3
        -:    1:#include <stdio.h>
        -:    2:
        -:    3:typedef struct x {
        -:    4:	int speed;
        -:    5:	int RAM;
        -:    6:	int HDD;
        -:    7:	int cost;
        -:    8:	int flag;
        -:    9:} y;
        -:   10:
        3:   11:int main(int argc, char *argv[]) {
        -:   12:	
        -:   13:	y v[100];
        3:   14:	int i, j, n, index = 1, cost = 1000;
        -:   15:	
        3:   16:	scanf ("%d", &n);
       30:   17:	for (i = 0; i < n; i++) {
       27:   18:		scanf (" %d %d %d %d", &v[i].speed, &v[i].RAM, &v[i].HDD, &v[i].cost);
       27:   19:		v[i].flag = 1;
        -:   20:	}
        -:   21:	
       30:   22:	for (i = 0; i < n; i++)
      361:   23:		for (j = 0; j < n && v[i].flag == 1; j++) {
      334:   24:			if (v[i].speed < v[j].speed && v[i].RAM < v[j].RAM && v[i].HDD < v[j].HDD) {
       13:   25:				v[i].flag = 0;
        -:   26:/*				printf ("laptop %d outdated in relation to %d\n", i, j);*/
        -:   27:			}
        -:   28:		}
       30:   29:	for (i = 0; i < n; i++)
       27:   30:		if (v[i].flag && cost > v[i].cost) {
        2:   31:			cost = v[i].cost;
        2:   32:			index = i + 1;
        -:   33:		}
        3:   34:	printf ("%d", index);
        3:   35:	return 0;
        -:   36:}
