        -:    0:Source:/home/cyxy/files/access/cdata/version/v569/test_data/defect_root/source/tcas.c
        -:    0:Graph:/home/cyxy/files/access/cdata/version/v569/test_data/defect_root/source/tcas.gcno
        -:    0:Data:/home/cyxy/files/access/cdata/version/v569/test_data/defect_root/source/tcas.gcda
        -:    0:Runs:2
        -:    1:#include<stdio.h>
        2:    2:int main(int argc, char *argv[]){
        -:    3:    int a1,a2,c;
        2:    4:    scanf("%d%d",&a1,&a2);
        2:    5:    c=0;
        2:    6:    while(a1>=1&&a2>=1){
        2:    7:        if(a1==1&&a2==1)
        2:    8:        break;
    #####:    9:        c++;
    #####:   10:        if(a1<=a2){
    #####:   11:            a1=a1+1;
    #####:   12:            a2=a2-2;
        -:   13:        }
        -:   14:        else
        -:   15:        {
    #####:   16:            a1=a1-2;
    #####:   17:            a2=a2+1;
        -:   18:        }
        -:   19:    }
        2:   20:    printf("%d",c);
        2:   21:    return 0;
        -:   22:
        -:   23:}
