        -:    0:Source:/home/cyxy/files/access/cdata/version/v1550/test_data/defect_root/source/tcas.c
        -:    0:Graph:/home/cyxy/files/access/cdata/version/v1550/test_data/defect_root/source/tcas.gcno
        -:    0:Data:/home/cyxy/files/access/cdata/version/v1550/test_data/defect_root/source/tcas.gcda
        -:    0:Runs:1
        -:    1:#include <stdio.h>
        -:    2:#include <string.h>
        -:    3:#include <stdlib.h>
        -:    4:
        1:    5:int main(int argc, char *argv[])
        -:    6:{
        1:    7:     int a, p = 0, i;
        -:    8:     char b[5], c[1001], s[1000];
        1:    9:     long long x = 0;
        -:   10:
        1:   11:     scanf("%d %s", &a, b);
        1:   12:     scanf("%s", c);
        -:   13:
        5:   14:     for (i = 0; i < strlen(c); i++) {
        4:   15:	  x *= a;
        -:   16:
        4:   17:	  if (c[i] >= 'A' && c[i] <= 'Z') {
        2:   18:	       x += c[i] - 'A' + 10;
        -:   19:	  } else {
        2:   20:	       x += c[i] - '0';
        -:   21:	  }
        -:   22:     }
        -:   23:
        1:   24:     if (b[0] == 'R') {
        3:   25:	  for (i = 0; i < x / 1000; i++) putchar('M');
        -:   26:
        1:   27:	  x %= 1000;
        -:   28:
        1:   29:	  if (x / 100 < 4) {
    #####:   30:	       for (i = 0; i < x / 100; i++) putchar('C');
        1:   31:	  } else if (x / 100 == 4) {
    #####:   32:	       printf("CD");
        1:   33:	  } else if (x / 100 < 9) {
        1:   34:	       putchar('D');
        4:   35:	       for (i = 5; i < x / 100; i++) putchar('C');
        -:   36:	  } else {
    #####:   37:	       printf("CM");
        -:   38:	  }
        -:   39:
        1:   40:	  x %= 100;
        -:   41:
        1:   42:	  if (x / 10 < 4) {
    #####:   43:	       for (i = 0; i < x / 10; i++) putchar('X');
        1:   44:	  } else if (x / 10 == 4) {
    #####:   45:	       printf("XL");
        1:   46:	  } else if (x / 10 < 9) {
        1:   47:	       putchar('L');
        3:   48:	       for (i = 5; i < x / 10; i++) putchar('X');
        -:   49:	  } else {
    #####:   50:	       printf("XC");
        -:   51:	  }
        -:   52:
        1:   53:	  x %= 10;
        -:   54:
        1:   55:	  if (x < 4) {
    #####:   56:	       for (i = 0; i < x; i++) putchar('I');
        1:   57:	  } else if (x == 4) {
    #####:   58:	       printf("IV");
        1:   59:	  } else if (x < 9) {
    #####:   60:	       putchar('V');
    #####:   61:	       for (i = 5; i < x; i++) putchar('I');
        -:   62:	  } else {
        1:   63:	       printf("IX");
        -:   64:	  }
        -:   65:
        1:   66:	  puts("");
    #####:   67:     } else if (x == 0) {
    #####:   68:	  puts("0");
        -:   69:     } else {
    #####:   70:	  int d = atoi(b);
        -:   71:
    #####:   72:	  while (x) {
    #####:   73:	       int y = x % d;
        -:   74:
    #####:   75:	       if (y >= 10) {
    #####:   76:		    s[p++] = 'A' + y - 10;
        -:   77:	       } else {
    #####:   78:		    s[p++] = '0' + y;
        -:   79:	       }
        -:   80:
    #####:   81:	       x /= d;
        -:   82:	  }
        -:   83:
    #####:   84:	  for (i = p - 1; i >= 0; i--) putchar(s[i]);
    #####:   85:	  puts("");
        -:   86:     }
        -:   87:
        1:   88:     return 0;
        -:   89:}
