        -:    0:Source:/home/cyxy/files/access/cdata/version/v1573/test_data/defect_root/source/tcas.c
        -:    0:Graph:/home/cyxy/files/access/cdata/version/v1573/test_data/defect_root/source/tcas.gcno
        -:    0:Data:/home/cyxy/files/access/cdata/version/v1573/test_data/defect_root/source/tcas.gcda
        -:    0:Runs:1
        -:    1:#include <stdio.h>
        1:    2:void islucky(int x)
        -:    3:{
        1:    4:	int a=0;
        -:    5:	while(1)
        -:    6:	{
        1:    7:		if(a==4 || a==7)
        -:    8:		{
    #####:    9:			printf("YES\n");
    #####:   10:			break;
        -:   11:		}
        1:   12:		else if(x!=0)
        -:   13:		{
    #####:   14:			a=x%10;
    #####:   15:			x=x/10;
        -:   16:		}
        -:   17:			
        -:   18:		else
        -:   19:		{
        1:   20:			printf("NO\n");
        1:   21:			break;
        -:   22:
        -:   23:		}
        -:   24:			
        -:   25:
        -:   26:	}
        1:   27:}
        1:   28:int main(int argc, char *argv[])
        -:   29:{
        -:   30:	long long int x,y,z;
        1:   31:	scanf("%lld",&x);
        1:   32:	y=0;
       20:   33:	while(x>0)
        -:   34:	{
       19:   35:		z=x%10;
       19:   36:		x=x/10;
       19:   37:		if(z==4 || z==7)
    #####:   38:		y++;
        -:   39:	}
        1:   40:	islucky(y);
        1:   41:	return 0;
        -:   42:	
        -:   43:
        -:   44:}
