        -:    0:Source:/home/cyxy/files/access/cdata/version/v960/test_data/defect_root/source/tcas.c
        -:    0:Graph:/home/cyxy/files/access/cdata/version/v960/test_data/defect_root/source/tcas.gcno
        -:    0:Data:/home/cyxy/files/access/cdata/version/v960/test_data/defect_root/source/tcas.gcda
        -:    0:Runs:2
        -:    1:#include <stdio.h>
        -:    2:#include <string.h>
        -:    3:
        -:    4:int map1[4001][4001];
        -:    5:int cnt[4001];
        2:    6:int main(int argc, char *argv[]) {
        -:    7:    int i,j,k;
        -:    8:    int n,m,a,b;
        4:    9:    while(scanf("%d%d",&n,&m)!=EOF)
        -:   10:    {
        2:   11:        memset(map1,0,sizeof(map1));
        2:   12:        memset(cnt,0,sizeof(cnt));
      134:   13:        while(m--)
        -:   14:        {
      132:   15:            scanf("%d%d",&a,&b);
      132:   16:            map1[a][b]=1;
      132:   17:            map1[b][a]=1;
      132:   18:            cnt[a]++;
      132:   19:            cnt[b]++;
        -:   20:        }
        -:   21:        
        2:   22:        int temp=99999999;
        2:   23:        int count=0;
        2:   24:        int flag=0;
       26:   25:        for(i=1;i<=n;i++)
        -:   26:        {
      156:   27:            for(j=1;j!=i && j<=n;j++)
        -:   28:            {
      132:   29:                if(map1[i][j])
        -:   30:                {
      572:   31:                    for(k=1;k!=i && k!=j && k<=n;k++)
        -:   32:                    {
      440:   33:                        if(map1[i][k] && map1[j][k])
        -:   34:                        {
      440:   35:                            count=cnt[i]+cnt[j]+cnt[k]-6;
      440:   36:                            if(count<temp)
        -:   37:                            {
        2:   38:                                temp=count;
        2:   39:                                flag=1;
        -:   40:                            }
        -:   41:                                
        -:   42:                        }
        -:   43:                        
        -:   44:                    }
        -:   45:                }
        -:   46:            }
        -:   47:        }
        2:   48:        if(flag==0)
    #####:   49:            printf("-1\n");
        -:   50:        else
        2:   51:            printf("%d\n",temp);
        -:   52:    }
        2:   53:    return 0;   
        -:   54:}
