        -:    0:Source:/home/cyxy/files/access/cdata/version/v1090/test_data/defect_root/source/tcas.c
        -:    0:Graph:/home/cyxy/files/access/cdata/version/v1090/test_data/defect_root/source/tcas.gcno
        -:    0:Data:/home/cyxy/files/access/cdata/version/v1090/test_data/defect_root/source/tcas.gcda
        -:    0:Runs:2
        -:    1:#include<stdio.h>
        -:    2:#include<string.h>
        -:    3:char arr[15][4] = {{"020"},{"200"},{"110"},{"050"},{"080"},{"170"}};
        -:    4:int i,n;
        2:    5:int main(int argc, char *argv[]){
        -:    6:	
        2:    7:	scanf("%d",&n);
       2*:    8:	if(n < 3) { puts("-1"); return 0; }
        2:    9:	if(n==3) { puts("210"); return 0; }
    #####:   10:	printf("1");
    #####:   11:	for(i=1;i<=n-4;i++)
    #####:   12:		printf("0");
        -:   13:	
    #####:   14:	printf("%s",arr[((n-1)%6)]);
    #####:   15:	return 0;
        -:   16:}	
