        -:    0:Source:/home/cyxy/files/access/cdata/version/v1612/test_data/defect_root/source/tcas.c
        -:    0:Graph:/home/cyxy/files/access/cdata/version/v1612/test_data/defect_root/source/tcas.gcno
        -:    0:Data:/home/cyxy/files/access/cdata/version/v1612/test_data/defect_root/source/tcas.gcda
        -:    0:Runs:1
        -:    1:#include<stdio.h>
        -:    2:
        1:    3:int main(int argc, char *argv[])
        -:    4:{
        1:    5:    int n,ara[100005],i,min,count=0;
        1:    6:    scanf("%d",&n);
        4:    7:    for(i=0;i<n;i++){
        3:    8:        scanf("%d",&ara[i]);
        -:    9:    }
        1:   10:    min=ara[0];
        4:   11:    for(i=0;i<n;i++){
        3:   12:        if(ara[i]<=min){
        1:   13:            min=ara[i];
        -:   14:        }
        -:   15:    }
        1:   16:    if(n==1){
    #####:   17:        printf("%d\n",ara[0]);
        -:   18:    }
        -:   19:    else{
        4:   20:    for(i=0;i<n;i++){
        3:   21:        if((ara[i]%min)==0){
        1:   22:            count++;
        -:   23:        }
        -:   24:    }
        1:   25:    if(count==n){
    #####:   26:        printf("%d\n",min);
        -:   27:    }
        -:   28:    else{
        1:   29:        printf("-1\n");
        -:   30:    }
        -:   31:    }
        1:   32:    return 0;
        -:   33:}
