        -:    0:Source:/home/cyxy/files/access/cdata/version/v1618/test_data/defect_root/source/tcas.c
        -:    0:Graph:/home/cyxy/files/access/cdata/version/v1618/test_data/defect_root/source/tcas.gcno
        -:    0:Data:/home/cyxy/files/access/cdata/version/v1618/test_data/defect_root/source/tcas.gcda
        -:    0:Runs:1
        -:    1:#include<stdio.h>
        -:    2:
        1:    3:int main(int argc, char *argv[]){
        -:    4:    long long s,x,y,d;
        -:    5:    double n,c;
        1:    6:    scanf("%lld%lld%lld",&s,&x,&y);
        1:    7:    c=s;
        1:    8:    n=c/2;
        1:    9:    d=((y-s)/(s))+((y-s)/(2*s));
       1*:   10:    if(((y>0)&&(y<s))&&((x<n)&&(x>(-(n)))))
    #####:   11:             printf("1\n");
        1:   12:    else if(y%s==0)
    #####:   13:        printf("-1\n");
       1*:   14:    else if(((y>0)&&(y<s))&&((x>=n)||(x<=(-(n)))))
        1:   15:             printf("-1\n");
    #####:   16:    else if((((y/s)%2!=0))&&((x<n)&&(x>(-(n)))))
    #####:   17:        printf("%lld\n",d+2);
    #####:   18:    else if((((y/s)%2==0))&&((x>0)&&(x<s)))
    #####:   19:             printf("%lld\n",d+3);
    #####:   20:    else if((((y/s)%2==0))&&((x<0)&&(x>-(s))))
    #####:   21:             printf("%lld\n",d+2);
        -:   22:    else
    #####:   23:         printf("-1\n");
        1:   24:    return 0;
        -:   25:}
