        -:    0:Source:/home/cyxy/files/access/cdata/version/v804/test_data/defect_root/source/tcas.c
        -:    0:Graph:/home/cyxy/files/access/cdata/version/v804/test_data/defect_root/source/tcas.gcno
        -:    0:Data:/home/cyxy/files/access/cdata/version/v804/test_data/defect_root/source/tcas.gcda
        -:    0:Runs:3
        -:    1:#include "stdio.h"
        -:    2:
        -:    3:
        3:    4:int main(int argc, char* argv[])
        -:    5:{
        -:    6:    int n;
        -:    7:    int i;
        3:    8:    scanf("%d",&n);
        3:    9:    if(n==1 || n==2){
        3:   10:        printf("1\n");
        3:   11:        printf("1\n");
        3:   12:        return 0;
        -:   13:    }
    #####:   14:    if(n==3){
    #####:   15:        printf("2\n");
    #####:   16:        printf("1 3\n");
    #####:   17:        return 0;
        -:   18:    }
        -:   19:    else{
    #####:   20:        printf("%d\n",n);
    #####:   21:        for(i=2;i<=n;i++){
    #####:   22:            if(i%2==0){
        -:   23:                
    #####:   24:                printf("%d ",i);
        -:   25:            }
        -:   26:        }
    #####:   27:        for(i=1;i<=n;i++){
    #####:   28:            if(i%2!=0){
    #####:   29:                printf("%d ",i);
        -:   30:            }
        -:   31:        }
        -:   32:    }
        -:   33:                
        -:   34:
    #####:   35:    return 0;
        -:   36:}
