        -:    0:Source:/home/cyxy/files/access/cdata/version/v1476/test_data/defect_root/source/tcas.c
        -:    0:Graph:/home/cyxy/files/access/cdata/version/v1476/test_data/defect_root/source/tcas.gcno
        -:    0:Data:/home/cyxy/files/access/cdata/version/v1476/test_data/defect_root/source/tcas.gcda
        -:    0:Runs:14
        -:    1:#include<stdio.h>
        -:    2:
       14:    3:int main(int argc, char *argv[])
        -:    4:{
       14:    5:    long long int n,ck=1;;
       14:    6:    scanf("%lld",&n);
        -:    7:
       56:    8:    while(n!=0)
        -:    9:    {
       42:   10:        if(n%10==4)
        -:   11:        {
       35:   12:            n=n/10;
       35:   13:            if(n%10==4)
        -:   14:            {
       23:   15:                n=n/10;
       23:   16:                if(n%10==1) n=n/10;
        -:   17:                else
        -:   18:                {
    #####:   19:                    printf("NO");
    #####:   20:                    ck=0;
    #####:   21:                    break;
        -:   22:                }
        -:   23:            }
       12:   24:            else if(n%10==1)  n=n/10;
        -:   25:            else
        -:   26:            {
    #####:   27:                printf("NO");
    #####:   28:                ck=0;
    #####:   29:                break;
        -:   30:            }
        -:   31:        }
        7:   32:        else if(n%10==1) n=n/10;
        -:   33:        else
        -:   34:        {
    #####:   35:            printf("NO");
    #####:   36:            ck=0;
    #####:   37:            break;
        -:   38:        }
        -:   39:    }
       14:   40:    if(ck==1) printf("YES");
       14:   41:    return 0;
        -:   42:}
