        -:    0:Source:/home/cyxy/files/access/cdata/version/v828/test_data/defect_root/source/tcas.c
        -:    0:Graph:/home/cyxy/files/access/cdata/version/v828/test_data/defect_root/source/tcas.gcno
        -:    0:Data:/home/cyxy/files/access/cdata/version/v828/test_data/defect_root/source/tcas.gcda
        -:    0:Runs:5
        -:    1:#include <stdio.h>
        -:    2:
        5:    3:int main(int argc, char *argv[])
        -:    4:{
        5:    5:    int n = 0;
        5:    6:    scanf("%d", &n);
        -:    7:
        5:    8:    int t = 0;
        5:    9:    int x0 = 0, y0 = 0, x1 = 0, y1 = 0, x2 = 0, y2 = 0;
        -:   10:
        5:   11:    scanf("%d %d", &x0, &y0);
        5:   12:    scanf("%d %d", &x1, &y1);
        5:   13:    scanf("%d %d", &x2, &y2);
       60:   14:    for (int i = 0; i < n - 1; i++) {
       55:   15:        float r = (float )(y2 - y0) / (x2 - x0);
        -:   16:
       55:   17:        if ((r > 0 && y0 == y1) || (r < 0 && x0 == x1)) {
       20:   18:            t++;
        -:   19:        }
        -:   20:
       55:   21:        x0 = x1;
       55:   22:        y0 = y1;
       55:   23:        x1 = x2;
       55:   24:        y1 = y2;
       55:   25:        scanf("%d %d", &x2, &y2);
        -:   26:    }
        -:   27:
        5:   28:    printf("%d\n", t);
        5:   29:    return 0;
        -:   30:}
