        -:    0:Source:/home/cyxy/files/access/cdata/version/v1653/test_data/defect_root/source/tcas.c
        -:    0:Graph:/home/cyxy/files/access/cdata/version/v1653/test_data/defect_root/source/tcas.gcno
        -:    0:Data:/home/cyxy/files/access/cdata/version/v1653/test_data/defect_root/source/tcas.gcda
        -:    0:Runs:1
        -:    1:#include<stdio.h>
        1:    2:int main(int argc, char *argv[])
        -:    3:{
        -:    4:    int i,s,n;
        1:    5:    scanf("%d",&n);
        1:    6:    s=1;
        3:    7:    for(i=1;i<n;i++)
        -:    8:    {
        2:    9:        s=(s+i)%n;
        2:   10:        if(s==0)
    #####:   11:        s=n;
        2:   12:        printf("%d ",s);
        -:   13:    }
        1:   14:    printf("\n");
        1:   15:return 0;
        -:   16:}
