        -:    0:Source:/home/cyxy/files/access/cdata/version/v951/test_data/defect_root/source/tcas.c
        -:    0:Graph:/home/cyxy/files/access/cdata/version/v951/test_data/defect_root/source/tcas.gcno
        -:    0:Data:/home/cyxy/files/access/cdata/version/v951/test_data/defect_root/source/tcas.gcda
        -:    0:Runs:3
        -:    1:#include <stdio.h>
        -:    2:#include <string.h>
        -:    3:char s[100][100];
        3:    4:int main(int argc, char *argv[])
        -:    5:{
        3:    6:    int i,j,black=0,white=0,res,p=0,k=0;
       15:    7:    for(i=0;i<4;i++){
       12:    8:        scanf("%s",s[i]);
        -:    9:    }
        3:   10:    int x=0,y=0;
        -:   11:    while(1){
       78:   12:        for(i=x;i<(x+2);i++){
      156:   13:            for(j=y;j<(y+2);j++){
      104:   14:                if(s[i][j]=='#'){
       53:   15:                    black++;
        -:   16:                }
       51:   17:                else white++;
        -:   18:            }
        -:   19:        }
       26:   20:        if(black>=3 || white >=3){
        3:   21:            res=1;
        3:   22:            break;
        -:   23:        }
        -:   24:        else {
       23:   25:            black = 0;
       23:   26:            white =0;
        -:   27:        }
       23:   28:        k++;
        -:   29:        //if(k==2){
        -:   30:          //  k=0;
       23:   31:            y++;
        -:   32:        //}
       23:   33:        if(y==3){
        6:   34:            y=0;
        6:   35:            x++;
        6:   36:            p++;
        -:   37:        }
       23:   38:        if(p==3){
    #####:   39:            res=0;
    #####:   40:            break;
        -:   41:        }
        -:   42:    }
        3:   43:    if(res) printf("YES");
    #####:   44:    else printf("NO");
        -:   45:
        -:   46:
        3:   47:    return 0;
        -:   48:}
        -:   49:
