        -:    0:Source:/home/cyxy/files/access/cdata/version/v1216/test_data/defect_root/source/tcas.c
        -:    0:Graph:/home/cyxy/files/access/cdata/version/v1216/test_data/defect_root/source/tcas.gcno
        -:    0:Data:/home/cyxy/files/access/cdata/version/v1216/test_data/defect_root/source/tcas.gcda
        -:    0:Runs:11
        -:    1:/*288*/
        -:    2:#include<stdio.h>
        -:    3:
        -:    4:int mem[301];
        -:    5:
       11:    6:int main(int argc, char *argv[])
        -:    7:{
        -:    8:	int m,r,t;
        -:    9:	int i,w,j,k;
       11:   10:	int x,ans=0;
       11:   11:	int can[301]={0};
       11:   12:	scanf("%d %d %d",&m,&t,&r);
       11:   13:	if(r>t)
        -:   14:	{
    #####:   15:		printf("-1\n");
    #####:   16:		return 0;
        -:   17:	}
      406:   18:	for(i=0;i<m;i++)
        -:   19:	{
      395:   20:		scanf("%d",&w);
      395:   21:		mem[w]=1;
        -:   22:	}
     3311:   23:	for(i=1;i<=300;i++)
        -:   24:	{
     3300:   25:		if(mem[i])
        -:   26:		{
      395:   27:			int x,count=0;
     9633:   28:			for(k=1;k<=r;k++)
        -:   29:			{
     9238:   30:				if(!can[k]){count++;can[k]=t-count+1;}
        -:   31:			}
        -:   32:			
      395:   33:			ans+=count;
        -:   34:			
        -:   35:		}
        -:   36:		
    37500:   37:		for(j=1;j<=r;j++){if(can[j])can[j]--;}
        -:   38:		
        -:   39:	}
       11:   40:	printf("%d\n",ans);
       11:   41:	return 0;
        -:   42:}
        -:   43:	
