        -:    0:Source:/home/cyxy/files/access/cdata/version/v875/test_data/defect_root/source/tcas.c
        -:    0:Graph:/home/cyxy/files/access/cdata/version/v875/test_data/defect_root/source/tcas.gcno
        -:    0:Data:/home/cyxy/files/access/cdata/version/v875/test_data/defect_root/source/tcas.gcda
        -:    0:Runs:5
        -:    1:#include <stdio.h>
        5:    2:int main(int argc, char *argv[])
        -:    3:{
        -:    4:    int n,a,b,f,i,g;
        5:    5:    scanf("%d %d %d",&n,&a,&b);
        5:    6:    if (n/a==b/a){
        5:    7:        printf("-1");
        -:    8:    }
    #####:    9:    else if (n>=b){
    #####:   10:        printf("-1");
        -:   11:    }
        -:   12:    else{
        -:   13:
    #####:   14:        g=b/a;
    #####:   15:        f=n/a;
    #####:   16:        if (a==1){
    #####:   17:        for (i=1;i<=b-n;i++){
    #####:   18:          printf("%d ",i);
        -:   19:}
        -:   20:}
        -:   21:else{
    #####:   22:        for(i=f+1;i<=g;i++){
    #####:   23:            printf("%d ",i*a-n);
        -:   24:        }
        -:   25:        
        -:   26:    }
        -:   27:}
        5:   28:    return 0;
        -:   29:}
