        -:    0:Source:/home/cyxy/files/access/cdata/version/v763/test_data/defect_root/source/tcas.c
        -:    0:Graph:/home/cyxy/files/access/cdata/version/v763/test_data/defect_root/source/tcas.gcno
        -:    0:Data:/home/cyxy/files/access/cdata/version/v763/test_data/defect_root/source/tcas.gcda
        -:    0:Runs:8
        -:    1:#include <stdio.h>
        -:    2:#include <string.h>
        -:    3:#include <stdlib.h>
        -:    4:
        -:    5:struct hora{
        -:    6:    char hh[3];
        -:    7:    char mm[3];
        -:    8:};
        -:    9:
        -:   10:typedef struct hora Hora;
        -:   11:int espalindromo(Hora h);
        -:   12:Hora siguientePalindromo(Hora hra);
        -:   13:
        8:   14:int main(int argc, char *argv[]){
        -:   15:
        -:   16:    char cadenaHora[6];
        -:   17:    Hora hr,aux;
        8:   18:    scanf("%s", cadenaHora);
        8:   19:    hr.hh[0] = cadenaHora[0];
        8:   20:    hr.hh[1] = cadenaHora[1];
        -:   21:    /* se asigna terminación de cadena '\0' */
        8:   22:    hr.hh[2] = hr.mm[2] = '\0';
        -:   23:
        8:   24:    hr.mm[0] = cadenaHora[3];
        8:   25:    hr.mm[1] = cadenaHora[4];
        -:   26:
        8:   27:    aux = siguientePalindromo(hr);
        -:   28:
        8:   29:    printf("%s:%s\n", aux.hh, aux.mm);
        -:   30:
        8:   31:    return 0;
        -:   32:}
        -:   33:
        -:   34:/* verifica si la hora pasada es un palindromo */
        -:   35:
    #####:   36:int espalindromo(Hora h){
        -:   37:    char horaInvertida[3];
    #####:   38:    horaInvertida[0] = h.hh[1];
    #####:   39:    horaInvertida[1] = h.hh[0];
    #####:   40:    horaInvertida[2] = h.hh[2];
        -:   41:
    #####:   42:    if(!strcmp(horaInvertida, h.mm))
    #####:   43:        return 1;
        -:   44:    else
    #####:   45:        return 0;
        -:   46:}
        -:   47:
        -:   48:/* asigna siguientePalindromo comparando si el min es o no mayor a la hora para luego sumar uno a la hora o solo sumar al minuto */
        -:   49:
        8:   50:Hora siguientePalindromo(Hora hra){
        -:   51:
        -:   52:    int horPalindromo;
        -:   53:    Hora horaPalindromo;
        -:   54:    char horaInvert[3];
        -:   55:
        -:   56:    /* asignamos la hora invertida a la variable horaInvert para verificar si los minutos son menores a esta hora invertida */
        8:   57:    horaInvert[0] = hra.hh[1];
        8:   58:    horaInvert[1] = hra.hh[0];
        8:   59:    horaInvert[2] = hra.hh[2];
        -:   60:
        -:   61:    /* compara si los minutos son menores a la hora invertida */
        8:   62:    if(strcmp(hra.mm, horaInvert) < 0){
        -:   63:        /* no se modifica la hora palindromo */
    #####:   64:        sprintf(horaPalindromo.hh, "%s", hra.hh);
        -:   65:        /* se asigna como minuto la hora invertida*/
    #####:   66:        sprintf(horaPalindromo.mm, "%s", horaInvert);
        -:   67:
        -:   68:    }
        8:   69:    else if(strcmp(hra.hh, "23") != 0){
        -:   70:            /* suma una hora más para la siguiente hora palindromo  */
        8:   71:            horPalindromo = atoi(hra.hh);
        8:   72:            horPalindromo++;
        -:   73:            /* se asigna la nueva hora palindromo a la variable horaPalindromo */
        8:   74:            sprintf(horaPalindromo.hh, "%.2d", horPalindromo);
        -:   75:            /* se invierte la nueva hora palindromo para obtener los minutos palindromo */
        8:   76:            horaInvert[0] = horaPalindromo.hh[1];
        8:   77:            horaInvert[1] = horaPalindromo.hh[0];
        8:   78:            horaInvert[2] = horaPalindromo.hh[2];
        -:   79:
        -:   80:            /* se asigna la hora invertida como el nuevo minuto palindromo */
        8:   81:            sprintf(horaPalindromo.mm, "%s",horaInvert);
        -:   82:    }else{/* para el caso 23 horas, el nuevo palindromo seria 00:00 */
    #####:   83:            sprintf(horaPalindromo.hh, "%s", "00\0");
    #####:   84:            sprintf(horaPalindromo.mm ,"%s","00\0");
        -:   85:
        -:   86:    }
        -:   87:
        8:   88:    if(strcmp(horaPalindromo.mm,"60")< 0)
        8:   89:        return horaPalindromo;
        -:   90:    else
    #####:   91:        return siguientePalindromo(horaPalindromo);
        -:   92:
        -:   93:}
