        -:    0:Source:/home/cyxy/files/access/cdata/version/v565/test_data/defect_root/source/tcas.c
        -:    0:Graph:/home/cyxy/files/access/cdata/version/v565/test_data/defect_root/source/tcas.gcno
        -:    0:Data:/home/cyxy/files/access/cdata/version/v565/test_data/defect_root/source/tcas.gcda
        -:    0:Runs:10
        -:    1:#include<stdio.h>
        -:    2://#include<conio.h>
       10:    3:int main(int argc, char *argv[])
        -:    4:{
       10:    5:    int n,f,flag=0;
        -:    6:    int a[100][2];
       10:    7:    int k=0,i,j,p,q;
       10:    8:    scanf("%d",&n);
       10:    9:    scanf("%d",&f);
       33:   10:    for(i=0;i<n;i++)
       23:   11:    scanf("%d %d",&a[i][0],&a[i][1]);
       10:   12:    p=7-a[0][0];q=7-a[0][1];
       11:   13:    for(i=1;i<n;i++)
        -:   14:    {
      11*:   15:         if(a[i][0]!=a[i-1][0]&&a[i][0]!=p&&a[i][0]!=a[i-1][1]&&a[i][0]!=q){flag=1;break;}
       11:   16:         if(a[i][1]!=a[i-1][0]&&a[i][1]!=p&&a[i][1]!=a[i-1][1]&&a[i][1]!=q){flag=1;break;}
        1:   17:         p=7-a[i][0];
        1:   18:         q=7-a[i][1];
        -:   19:         }
      10*:   20:         if(flag==0)printf("YES");
       10:   21:         else printf("NO");
       10:   22:         return 0;
        -:   23:}
