        -:    0:Source:/home/cyxy/files/access/cdata/version/v604/test_data/defect_root/source/tcas.c
        -:    0:Graph:/home/cyxy/files/access/cdata/version/v604/test_data/defect_root/source/tcas.gcno
        -:    0:Data:/home/cyxy/files/access/cdata/version/v604/test_data/defect_root/source/tcas.gcda
        -:    0:Runs:2
        -:    1:#include <stdio.h>
        2:    2:int main(int argc, char *argv[])
        -:    3:{
        -:    4:    double a[10],x;
        -:    5:    int i,n;
       14:    6:    for(i=1;i<=6;i++) {
       12:    7:        scanf("%lf",&a[i]);
       12:    8:        if(a[i]==0) {
        6:    9:            a[i]=0.00001;
        -:   10:        }
        -:   11:    }
       2*:   12:    if(a[1]==0.00001 && a[2]==0.00001 && a[3]!=0.00001) {
    #####:   13:        printf("Hermione\n");
    #####:   14:        return 0;
        -:   15:    }
       2*:   16:    if(a[1]==0.00001 && a[4]==0.00001) {
    #####:   17:        printf("Hermione\n");
    #####:   18:        return 0;
        -:   19:    }
        2:   20:    if(a[1]!=0.00001 && a[4]==0.00001) {
    #####:   21:        printf("Hermione\n");
    #####:   22:        return 0;
        -:   23:    }
       2*:   24:    if(a[4]!=0 && a[1]==0.00001 && a[2]==a[3]) {
    #####:   25:        printf("Ron\n");
    #####:   26:        return 0;
        -:   27:    }
        2:   28:    if(a[2]==0.00001&& a[3]==0.00001 && a[5]!=0.00001 && a[4]/a[1]!=a[5]/a[6]) {
        2:   29:        printf("Ron\n");
        2:   30:        return 0;
        -:   31:    }
    #####:   32:        x=(a[2]+0.0)/(a[1]+0.0)*a[4]/a[3]*((a[6]+0.0)/(a[5]+0.0));
    #####:   33:        if(x>1) {
    #####:   34:            printf("Ron\n");
        -:   35:        }
        -:   36:        else {
    #####:   37:            printf("Hermione\n");
        -:   38:        }
    #####:   39:    return 0;
        -:   40:}
