        -:    0:Source:/home/cyxy/files/access/cdata/version/v1078/test_data/defect_root/source/tcas.c
        -:    0:Graph:/home/cyxy/files/access/cdata/version/v1078/test_data/defect_root/source/tcas.gcno
        -:    0:Data:/home/cyxy/files/access/cdata/version/v1078/test_data/defect_root/source/tcas.gcda
        -:    0:Runs:10
        -:    1:#include <stdio.h>
       10:    2:int main(int argc, char *argv[])
        -:    3:{
        -:    4:    long long int n;
       10:    5:    int k, j=0, a[10], i=0;
       10:    6:    scanf("%lld", &n);
        -:    7:    
       10:    8:    if(!n)
    #####:    9:        printf("O-|-OOOO\n");
        -:   10:    
       71:   11:    while(n)
        -:   12:    {
       61:   13:        a[j]=n%10;
       61:   14:        if(a[j]>=5)
        -:   15:        {
       32:   16:            printf("-O|");
       32:   17:            a[j]-=5;
        -:   18:        }
        -:   19:        else
        -:   20:        {
       29:   21:            printf("O-|");
        -:   22:        }
        -:   23:        //printf("a[%d]=%d\n", j, a[j]);
      168:   24:        for(i=0; i<a[j]; i++)
      107:   25:            printf("O");
        -:   26:            
      122:   27:        for(k=0; k<(5-(4-i)-i); k++)
       61:   28:            printf("-");
        -:   29:        
      198:   30:        for(k=0; k<(4-i); k++)
      137:   31:            printf("O");
        -:   32:            
       61:   33:        printf("\n");
       61:   34:        j++;
       61:   35:        n/=10;
        -:   36:    }
        -:   37:    
       10:   38:return 0;
        -:   39:}
