        -:    0:Source:/home/cyxy/files/access/cdata/version/v825/test_data/defect_root/source/tcas.c
        -:    0:Graph:/home/cyxy/files/access/cdata/version/v825/test_data/defect_root/source/tcas.gcno
        -:    0:Data:/home/cyxy/files/access/cdata/version/v825/test_data/defect_root/source/tcas.gcda
        -:    0:Runs:2
        -:    1:#include<stdio.h>
        -:    2:
        2:    3:int main(int argc, char *argv[])
        -:    4:{
        -:    5:	int k,d,i,c;
        -:    6:
        2:    7:	scanf("%d%d",&k,&d);
        -:    8:
        2:    9:	if(k==1)
    #####:   10:		printf("%d",d);
        -:   11:	else
        -:   12:	{
        2:   13:		int a[10]={0,10,11,12,13,14,15,16,17,18};
        -:   14:
        2:   15:		if(k==2&&d!=0)
    #####:   16:			printf("%d",a[d]);
        -:   17:		else
        -:   18:		{
        2:   19:			c=a[d]-9;
        2:   20:			if(c<=0)
        -:   21:			{
        2:   22:				printf("No solution");
        2:   23:				goto label;
        -:   24:			}
    #####:   25:			printf("%d",c);
    #####:   26:			for(i=1;i<=k-2;i++)
    #####:   27:				printf("0");
    #####:   28:			printf("9");
        -:   29:
        -:   30:		}
        -:   31:
        -:   32:	}
        -:   33:
        2:   34:	label:
        2:   35:	return 0;
        -:   36:}
