        -:    0:Source:/home/cyxy/files/access/cdata/version/v505/test_data/defect_root/source/tcas.c
        -:    0:Graph:/home/cyxy/files/access/cdata/version/v505/test_data/defect_root/source/tcas.gcno
        -:    0:Data:/home/cyxy/files/access/cdata/version/v505/test_data/defect_root/source/tcas.gcda
        -:    0:Runs:13
        -:    1:#include<stdio.h>
        -:    2:#include<string.h>
    #####:    3:void swap(int a[],int b[])
        -:    4:{
        -:    5:    int t;
    #####:    6:    t=a[0];
    #####:    7:    a[0]=b[0];
    #####:    8:    b[0]=t;
    #####:    9:    t=a[1];
    #####:   10:    a[1]=b[1];
    #####:   11:    b[1]=t;
    #####:   12:}
       13:   13:int main(int argc, char *argv[])
        -:   14:{
        -:   15:    int a[2][2],b[2][2];
       13:   16:    scanf("%d%d",&a[0][0],&a[0][1]);
       13:   17:    scanf("%d%d",&a[1][0],&a[1][1]);
       13:   18:    scanf("%d%d",&b[0][0],&b[0][1]);
       13:   19:    scanf("%d%d",&b[1][0],&b[1][1]);
        -:   20:
      13*:   21:   if(((a[0][0]>b[1][1]&&a[1][1]>b[0][0])&&(a[0][0]>b[0][1]&&a[1][1]>b[1][0]))||(((a[1][0]>b[0][1]&&a[0][1]>b[1][0]))&&(a[1][0]>b[1][1]&&a[0][1]>b[0][0])))
        -:   22:   {
    #####:   23:       printf("Team 1\n");
        -:   24:   }
       13:   25:   else if(((a[0][0]<b[1][1]&&a[1][1]<b[0][0])||(a[0][0]<b[0][1]&&a[1][1]<b[1][0]))&&(((a[1][0]<b[0][1]&&a[0][1]<b[1][0]))||(a[1][0]<b[1][1]&&a[0][1]<b[0][0])))
        -:   26:   {
        9:   27:       printf("Team 2\n");
        -:   28:   }
        -:   29:   else
        4:   30:   printf("Draw\n");
       13:   31:    return 0;
        -:   32:}
