        -:    0:Source:E:/Prgorams/Python/access/cdata/version/v1018/test_data/defect_root/source/tcas.c
        -:    0:Graph:tcas.gcno
        -:    0:Data:tcas.gcda
        -:    0:Runs:10
        -:    1:#include <stdio.h>
        -:    2:#include <stdlib.h>
        -:    3:#include <math.h>
       48:    4:int puiss (int z , int n){
       48:    5:    int i,p=1 ;
      286:    6:    for(i=0;i<n;i++) {p*=z;}
       48:    7:    return p;
        -:    8:}
       10:    9:int main(int argc, char *argv[])
       10:   10:{   int a,b,n,c=0,d,x;
       10:   11:    scanf("%d %d %d",&a,&b,&n);
       10:   12:    if (a<0) {c++;a=-a;}
       10:   13:    if (b<0) {c++;b=-b;}
        -:   14:    int z;
      10*:   15:    if(a==0) { if(b==0) printf("1"); else printf("No solution");}
        -:   16:    else {
      10*:   17:    if(b%a!=0) printf("No solution");
        -:   18:    else
        -:   19:    {
       10:   20:    z=0;
       10:   21:    d=b/a;
       10:   22:    x=puiss(z,n);
      10*:   23:    if(n==1) { if(c==1) printf("%d",-d); else printf("%d",d);}else {
       48:   24:        while (x<d)
        -:   25:        {
       38:   26:            z++;
       38:   27:            x=puiss(z,n);
        -:   28:        }
       10:   29:    if (x>d) {printf("No solution");}
    #####:   30:    else { if(c==1) printf("%d",-z); else printf("%d",z);}
        -:   31:    }}}
        -:   32:
       10:   33:    return 0;
        -:   34:}
