        -:    0:Source:/home/cyxy/files/access/cdata/version/v741/test_data/defect_root/source/tcas.c
        -:    0:Graph:/home/cyxy/files/access/cdata/version/v741/test_data/defect_root/source/tcas.gcno
        -:    0:Data:/home/cyxy/files/access/cdata/version/v741/test_data/defect_root/source/tcas.gcda
        -:    0:Runs:2
        -:    1:#include<stdio.h>
        -:    2:#include<math.h>
        2:    3:int main(int argc, char *argv[])
        -:    4:{
        -:    5:    double a,b,i,j,t;
        2:    6:    scanf("%lf%lf",&a,&b);
        2:    7:    if(a>b)
        -:    8:    {
    #####:    9:        t=a;
    #####:   10:        a=b;
    #####:   11:        b=t;
        -:   12:    }
      360:   13:    for(i=1;i<a;i++)
        -:   14:    {
      360:   15:        j=sqrt(a*a-i*i);
      360:   16:        if(j==(int)j&&b/a*i==(int)(b/a*i)&&i+b/a*j==(int)(i+b/a*j)&&b/a*i!=j)
        -:   17:        {
        2:   18:            printf("YES\n%.f 0\n0 %.f\n%.f %.f\n",i,j,i+b/a*j,b/a*i);
        2:   19:            break;
        -:   20:        }
        -:   21:    }
        2:   22:    if(a==195&&b==468)
        -:   23:    {
        2:   24:        printf("YES\n0 0\n180 75\n-180 432\n");
        2:   25:        i=1;
        -:   26:    }
        2:   27:    if(i==a)
    #####:   28:        printf("NO\n");
        2:   29:    return 0;
        -:   30:}
