        -:    0:Source:E:/Prgorams/Python/access/cdata/version/v1017/test_data/defect_root/source/tcas.c
        -:    0:Graph:tcas.gcno
        -:    0:Data:tcas.gcda
        -:    0:Runs:3
        -:    1:#include<stdio.h>
        -:    2:#include<stdlib.h>
        -:    3:
        3:    4:int main(int argc, char *argv[])
        -:    5:{
        3:    6:	int n,k,i=1,t,j;
        3:    7:	char c = 'a';
        3:    8:	scanf("%d %d",&n,&k);
        3:    9:	if(n == 1 && k == 1)
        -:   10:	{
    #####:   11:		printf("a\n");
    #####:   12:		return 0;
        -:   13:	}
       3*:   14:	if(n<k || (k == 1 && n != 1))
        3:   15:	{	printf("-1\n");return 0;}
        -:   16:	else
        -:   17:	{
    #####:   18:		j = n - (k-2);
    #####:   19:		for(i=1;i<=j;i++)
    #####:   20:			printf("%c",'a'+ !(i%2));
    #####:   21:		for(i=j+1;i<=n;i++)
    #####:   22:			printf("%c",'b'+(i-j));
        -:   23:	}
    #####:   24:	printf("\n");
    #####:   25:	return 0;
        -:   26:}
