        -:    0:Source:/home/cyxy/files/access/cdata/version/v1644/test_data/defect_root/source/tcas.c
        -:    0:Graph:/home/cyxy/files/access/cdata/version/v1644/test_data/defect_root/source/tcas.gcno
        -:    0:Data:/home/cyxy/files/access/cdata/version/v1644/test_data/defect_root/source/tcas.gcda
        -:    0:Runs:1
        -:    1:#include <stdio.h>
        -:    2:#include <stdlib.h>
        -:    3:
        1:    4:int main(int argc, char *argv[])
        -:    5:{
        -:    6:    int k ,b ,n ,t;
        1:    7:    long long x=1;
        1:    8:    scanf("%d%d%d%d",&k,&b,&n,&t);
       11:    9:    while((k*x+b)<=t){
       10:   10:        n--;
       10:   11:        x=k*x+b;
       10:   12:        if(n==0)
    #####:   13:            break;
        -:   14:    }
        1:   15:    printf("%d",n);
        1:   16:    return 0;
        -:   17:}
