        -:    0:Source:/home/cyxy/files/access/cdata/version/v1394/test_data/defect_root/source/tcas.c
        -:    0:Graph:/home/cyxy/files/access/cdata/version/v1394/test_data/defect_root/source/tcas.gcno
        -:    0:Data:/home/cyxy/files/access/cdata/version/v1394/test_data/defect_root/source/tcas.gcda
        -:    0:Runs:2
        -:    1:#include <stdio.h>
        -:    2:#include <stdlib.h>
        -:    3:#include <string.h>
        -:    4:#include <math.h>
        -:    5:
        -:    6:#define pi 3.1415926
        -:    7:
        -:    8:
        2:    9:int main(int argc, char *argv[])
        -:   10:{
        -:   11:    long long int n;
        2:   12:    scanf("%lld", &n);
        -:   13:
        -:   14:    long long int results;
        -:   15:
        2:   16:    if (!n)
        -:   17:    {
        2:   18:        printf("1"); return 0;
        -:   19:    }
    #####:   20:    if (n<13)
        -:   21:    {
    #####:   22:        results = 1LL<<n;
        -:   23:    }
        -:   24:    else
        -:   25:    {
    #####:   26:        results = ((1LL<<13) - 100)<<(n-13);
        -:   27:    }
        -:   28:
    #####:   29:    printf("%lld",results);
        -:   30:
    #####:   31:    return 0;
        -:   32:}
