        -:    0:Source:/home/cyxy/files/access/cdata/version/v743/test_data/defect_root/source/tcas.c
        -:    0:Graph:/home/cyxy/files/access/cdata/version/v743/test_data/defect_root/source/tcas.gcno
        -:    0:Data:/home/cyxy/files/access/cdata/version/v743/test_data/defect_root/source/tcas.gcda
        -:    0:Runs:5
        -:    1:#include<stdio.h>
        -:    2:#include<math.h>
        -:    3:
        5:    4:int main(int argc, char *argv[])
        -:    5:{
        5:    6:    long long int l,r,i,k,t,a,b,c,ck=0;
        5:    7:    scanf("%lld %lld",&l,&r);
       5*:    8:    if(l==r || l+1==r) printf("-1");
        -:    9:    else
        -:   10:    {
       5*:   11:        for(i=2; i<=sqrt(r); i++)
        -:   12:        {
        7:   13:            while(l<r)
        -:   14:            {
        -:   15:
        7:   16:                if(l%i==0)
        -:   17:                {
       5*:   18:                    for(k=l+1; k<r; k++)
        -:   19:                    {
        5:   20:                        if(k%i!=0)
        -:   21:                        {
       5*:   22:                            for(t=k+1; k<=r; k++)
        -:   23:                            {
        5:   24:                                if(t%i==0)
        -:   25:                                {
        5:   26:                                    a=l;
        5:   27:                                    b=k;
        5:   28:                                    c=t;
        5:   29:                                    ck=1;
        5:   30:                                    break;
        -:   31:                                }
        -:   32:                            }
        -:   33:                        }
        5:   34:                        if(ck==1) break;
        -:   35:                    }
        -:   36:                }
        7:   37:                if(ck==1) break;
        2:   38:                l++;
        -:   39:            }
        5:   40:            if(ck==1) break;
        -:   41:        }
        -:   42:
        5:   43:        if(ck==1) printf("%lld %lld %lld",a,b,c);
    #####:   44:        else printf("-1");
        -:   45:    }
        5:   46:return 0;
        -:   47:}
