        -:    0:Source:/home/cyxy/files/access/cdata/version/v1140/test_data/defect_root/source/tcas.c
        -:    0:Graph:/home/cyxy/files/access/cdata/version/v1140/test_data/defect_root/source/tcas.gcno
        -:    0:Data:/home/cyxy/files/access/cdata/version/v1140/test_data/defect_root/source/tcas.gcda
        -:    0:Runs:2
        -:    1:#include<stdio.h>
        2:    2:int main(int argc, char *argv[])
        -:    3:{
        -:    4:int n;
        2:    5:scanf("%d",&n);
        2:    6:if(n==2)
        -:    7:{
    #####:    8:    printf("    0\n  0 1 0\n0 1 2 1 0\n  0 1 0\n    0");
        -:    9:}
        2:   10:else if(n==3)
        -:   11:{
    #####:   12:    printf("      0\n    0 1 0\n  0 1 2 1 0\n0 1 2 3 2 1 0\n  0 1 2 1 0\n    0 1 0\n      0");
        -:   13:}
        2:   14:else if(n==4)
        -:   15:{
    #####:   16:    printf("        0\n      0 1 0\n    0 1 2 1 0\n  0 1 2 3 2 1 0\n0 1 2 3 4 3 2 1 0\n  0 1 2 3 2 1 0\n    0 1 2 1 0\n      0 1 0\n        0");
        -:   17:}
        2:   18:else if(n==5)
        -:   19:{
    #####:   20:    printf("          0\n        0 1 0\n      0 1 2 1 0\n    0 1 2 3 2 1 0\n  0 1 2 3 4 3 2 1 0\n0 1 2 3 4 5 4 3 2 1 0\n  0 1 2 3 4 3 2 1 0\n    0 1 2 3 2 1 0\n      0 1 2 1 0\n        0 1 0\n          0");
        -:   21:}
        2:   22:else if(n==6)
        -:   23:{
        2:   24:    printf("            0\n          0 1 0\n        0 1 2 1 0\n      0 1 2 3 2 1 0\n    0 1 2 3 4 3 2 1 0\n  0 1 2 3 4 5 4 3 2 1 0\n0 1 2 3 4 5 6 5 4 3 2 1 0\n  0 1 2 3 4 5 4 3 2 1 0\n    0 1 2 3 4 3 2 1 0\n      0 1 2 3 2 1 0\n        0 1 2 1 0\n          0 1 0\n            0");
        -:   25:}
    #####:   26:else if(n==7)
        -:   27:{
    #####:   28:    printf("              0\n            0 1 0\n          0 1 2 1 0\n        0 1 2 3 2 1 0\n      0 1 2 3 4 3 2 1 0\n    0 1 2 3 4 5 4 3 2 1 0\n  0 1 2 3 4 5 6 5 4 3 2 1 0\n0 1 2 3 4 5 6 7 6 5 4 3 2 1 0\n  0 1 2 3 4 5 6 5 4 3 2 1 0\n    0 1 2 3 4 5 4 3 2 1 0\n      0 1 2 3 4 3 2 1 0\n        0 1 2 3 2 1 0\n          0 1 2 1 0\n            0 1 0\n              0");
        -:   29:}
    #####:   30:else if(n==8)
        -:   31:{
    #####:   32:printf("                0\n              0 1 0\n            0 1 2 1 0\n          0 1 2 3 2 1 0\n        0 1 2 3 4 3 2 1 0\n      0 1 2 3 4 5 4 3 2 1 0\n    0 1 2 3 4 5 6 5 4 3 2 1 0\n  0 1 2 3 4 5 6 7 6 5 4 3 2 1 0\n0 1 2 3 4 5 6 7 8 7 6 5 4 3 2 1 0\n  0 1 2 3 4 5 6 7 6 5 4 3 2 1 0\n    0 1 2 3 4 5 6 5 4 3 2 1 0\n      0 1 2 3 4 5 4 3 2 1 0\n        0 1 2 3 4 3 2 1 0\n          0 1 2 3 2 1 0\n            0 1 2 1 0\n              0 1 0\n                0");
        -:   33:}
    #####:   34:else if(n==9)
        -:   35:{
    #####:   36:    printf("                  0\n                0 1 0\n              0 1 2 1 0\n            0 1 2 3 2 1 0\n          0 1 2 3 4 3 2 1 0\n        0 1 2 3 4 5 4 3 2 1 0\n      0 1 2 3 4 5 6 5 4 3 2 1 0\n    0 1 2 3 4 5 6 7 6 5 4 3 2 1 0\n  0 1 2 3 4 5 6 7 8 7 6 5 4 3 2 1 0\n0 1 2 3 4 5 6 7 8 9 8 7 6 5 4 3 2 1 0\n  0 1 2 3 4 5 6 7 8 7 6 5 4 3 2 1 0\n    0 1 2 3 4 5 6 7 6 5 4 3 2 1 0\n      0 1 2 3 4 5 6 5 4 3 2 1 0\n        0 1 2 3 4 5 4 3 2 1 0\n          0 1 2 3 4 3 2 1 0\n            0 1 2 3 2 1 0\n              0 1 2 1 0\n                0 1 0\n                  0");
        -:   37:}
        2:   38:return 0;
        -:   39:}
