        -:    0:Source:E:/Prgorams/Python/access/cdata/version/v1009/test_data/defect_root/source/tcas.c
        -:    0:Graph:tcas.gcno
        -:    0:Data:tcas.gcda
        -:    0:Runs:4
        -:    1:#include <stdio.h>
        -:    2:#include <stdlib.h>
        -:    3:#include <memory.h>
        -:    4:#include <string.h>
        -:    5:
        -:    6:
    #####:    7:unsigned long long FindMax(unsigned  long long lData )
        -:    8:{
    #####:    9:	unsigned long long lRet = 0x1;
        -:   10:	
        -:   11:
    #####:   12:	while( lRet < lData )
        -:   13:	{
    #####:   14:		lRet <<= 1;	
        -:   15:	}	
        -:   16:
    #####:   17:	return lRet - 1;
        -:   18:}
        -:   19:
        4:   20:int main(int argc, char *argv[])
        -:   21:{
        -:   22:
        -:   23:	unsigned long long lInput1;
        -:   24:	unsigned long long lInput2;
        -:   25:
        4:   26:	unsigned long long lTotalCnt = 0;
        -:   27:	unsigned long long lCheck;
        -:   28:	unsigned long long lMax ;
        -:   29:		
        4:   30:	unsigned long long i = 0x1;
        4:   31:	unsigned long long ii = 0x0;
        4:   32:	int iCnt = 0;
        -:   33:	
        4:   34:	scanf("%lld%lld",&lInput1,&lInput2);
        -:   35:	
       12:   36:	while( i <= lInput2 )
        -:   37:	{
        8:   38:		i <<= 1;	
        8:   39:		iCnt++;
        -:   40:	}
        -:   41:
        4:   42:	lMax = i - 1;
        -:   43:
        4:   44:	i = 0x1;
        -:   45:
        -:   46:	iCnt;	
        4:   47:	ii = iCnt;
        -:   48:	
        8:   49:	while( lCheck >= lInput1 )
        -:   50:	{
        8:   51:		lCheck = lMax - i ;
        8:   52:		if( lCheck >= lInput1 && lCheck <= lInput2 )
        -:   53:		{
        4:   54:			lTotalCnt++;
        -:   55:		}
        4:   56:		else if( lCheck < lInput1 )
        4:   57:			break;
        -:   58:			
        4:   59:		i <<= 1;	
        4:   60:		ii--;
        -:   61:		
        4:   62:		if( ii == 1 )
        -:   63:		{
        4:   64:			i = 0x1;
        4:   65:			lMax >>= 1;
        4:   66:			ii = iCnt-1;
        4:   67:			iCnt--;			
        -:   68:		}
        -:   69:	}
        -:   70:	
        4:   71:	printf("%lld\n",lTotalCnt);
        -:   72:	
        -:   73:}
