        -:    0:Source:/home/cyxy/files/access/cdata/version/v845/test_data/defect_root/source/tcas.c
        -:    0:Graph:/home/cyxy/files/access/cdata/version/v845/test_data/defect_root/source/tcas.gcno
        -:    0:Data:/home/cyxy/files/access/cdata/version/v845/test_data/defect_root/source/tcas.gcda
        -:    0:Runs:2
        -:    1:#include<stdio.h>
        -:    2:#include<string.h>
        2:    3:int main(int argc, char *argv[]){
        2:    4:	int i,s=0,n=0,ay=0,u;
        -:    5:	char x[100];
        2:    6:	scanf("%s %d",x,&n);
        2:    7:	u=strlen(x);
        -:    8:	
       2*:    9:	if(x[0]=='J' && x[1]=='a')
    #####:   10:		ay=1;
        2:   11:	if(x[0]=='F')
    #####:   12:		ay=2;
       2*:   13:	if(x[0]=='M' && x[2]=='r')
    #####:   14:		ay=3;
       2*:   15:	if(x[0]=='A' && x[1]=='p')
    #####:   16:		ay=4;
       2*:   17:	if(x[0]=='M' && x[2]=='y')
    #####:   18:		ay=5;
       2*:   19:	if(x[0]=='J' && x[1]=='u' && x[2]=='n')
    #####:   20:		ay=6;
       2*:   21:	if(x[0]=='J' && x[2]=='l')
    #####:   22:		ay=7;
       2*:   23:	if(x[0]=='A' && x[1]=='u')
    #####:   24:		ay=8;
        2:   25:	if(x[0]=='S')
    #####:   26:		ay=9;
        2:   27:	if(x[0]=='O')
    #####:   28:		ay=10;
        2:   29:	if(x[0]=='N')
        2:   30:		ay=11;
        2:   31:	if(x[0]=='D')
    #####:   32:		ay=12;
        -:   33:
        2:   34:	ay+=n;
        2:   35:	s=(ay-1)%12+1;
        -:   36:
        2:   37:	switch(s){
    #####:   38:		case 1:printf("January");break;
    #####:   39:		case 2:printf("February");break;
    #####:   40:		case 3:printf("March");break;
    #####:   41:		case 4:printf("April");break;
    #####:   42:		case 5:printf("May");break;
    #####:   43:		case 6:printf("June");break;
    #####:   44:		case 7:printf("July");break;
    #####:   45:		case 8:printf("August");break;
    #####:   46:		case 9:printf("September");break;
        2:   47:		case 10:printf("October");break;
    #####:   48:		case 11:printf("November");break;
    #####:   49:		case 12:printf("December");break;
        -:   50:
        -:   51:	
        -:   52:	}
        -:   53:
        2:   54:	return 0;
        -:   55:}
