        -:    0:Source:/home/cyxy/access/cdata/version/v1547/test_data/defect_root/source/tcas.c
        -:    0:Graph:/home/cyxy/access/cdata/version/v1547/test_data/defect_root/source/tcas.gcno
        -:    0:Data:/home/cyxy/access/cdata/version/v1547/test_data/defect_root/source/tcas.gcda
        -:    0:Runs:3
        -:    1:#include<stdio.h>
        -:    2:#include<math.h>
        -:    3:#define sc(x) scanf("%lld",&x)
        -:    4:#define pr(x) printf("%lld",x)
        -:    5:#define ll long long int
        3:    6:int main(int argc, char *argv[])
        -:    7:{
        -:    8:	ll n,a[5],i,p;
        -:    9:	char c;
       18:   10:	for(i=0;i<5;i++)
        -:   11:	{
       15:   12:		c=getchar();
       15:   13:		a[i]=c-'0';
        -:   14:	}
        3:   15:	n=10000*a[0]+1000*a[2]+100*a[4]+10*a[3]+a[1];
        3:   16:	p=1;
       18:   17:	for(i=0;i<5;i++)
        -:   18:	{
       15:   19:		p*=n;
       15:   20:		p%=100000;
        -:   21:	}
        3:   22:	if(p)
    #####:   23:	pr(p);
        3:   24:	else printf("00000");
        3:   25:	return 0;
        -:   26:}
