        -:    0:Source:/home/cyxy/files/access/cdata/version/v979/test_data/defect_root/source/tcas.c
        -:    0:Graph:/home/cyxy/files/access/cdata/version/v979/test_data/defect_root/source/tcas.gcno
        -:    0:Data:/home/cyxy/files/access/cdata/version/v979/test_data/defect_root/source/tcas.gcda
        -:    0:Runs:3
        -:    1:#include <stdio.h>
        -:    2:
        3:    3:int main(int argc, char *argv[])
        -:    4:{
        3:    5:    int n,d,a,sumd=0;
        3:    6:    scanf("%d %d",&n,&d);
        -:    7:
       24:    8:    for(int i=0;i<n;i++)
        -:    9:    {
       21:   10:        scanf("%d",&a);
       21:   11:        sumd+=a;
        -:   12:    }
        -:   13:
        3:   14:    if(d>=(sumd+(n-1)*10))
        3:   15:        printf("%d",(d-sumd)/5);
        -:   16:    else
    #####:   17:        printf("-1");
        -:   18:
        3:   19:    return 0;
        -:   20:}
