        -:    0:Source:/home/cyxy/files/access/cdata/version/v1383/test_data/defect_root/source/tcas.c
        -:    0:Graph:/home/cyxy/files/access/cdata/version/v1383/test_data/defect_root/source/tcas.gcno
        -:    0:Data:/home/cyxy/files/access/cdata/version/v1383/test_data/defect_root/source/tcas.gcda
        -:    0:Runs:3
        -:    1:#include <stdio.h>
        3:    2:int main(int argc, char *argv[])
        -:    3:{
        -:    4:    long long int n,m,_mid;
        -:    5:    //scanf("%lld %lld",&n,&m);
        3:    6:    scanf("%lld %lld",&n,&m);
        3:    7:    _mid = n/2;
        -:    8://    (_mid>m)? m+=1 : m-=1;
       3*:    9:    if(_mid >=m) m+=1;
        3:   10:    else m-=1;
        3:   11:    if(_mid==0) m=1;
        -:   12:
        -:   13:    //printf("%lld",m);
        3:   14:    printf("%lld",m);
        -:   15:
        3:   16:    return 0;
        -:   17:}
