        -:    0:Source:/home/cyxy/files/access/cdata/version/v634/test_data/defect_root/source/tcas.c
        -:    0:Graph:/home/cyxy/files/access/cdata/version/v634/test_data/defect_root/source/tcas.gcno
        -:    0:Data:/home/cyxy/files/access/cdata/version/v634/test_data/defect_root/source/tcas.gcda
        -:    0:Runs:2
        -:    1:#include<stdio.h>
        -:    2:int d[50];
        2:    3:int main(int argc, char *argv[])
        -:    4:{
        -:    5:    int n,i;
        2:    6:    d[1]=1;
        2:    7:    d[3]=4;
       48:    8:    for(i=5;i<50;i+=2)
       46:    9:        d[i]=(i/2)*(i/2)+((i+1)/2)*((i+1)/2);
        2:   10:    scanf("%d",&n);
        2:   11:    if(n==1)
        -:   12:    {
    #####:   13:        printf("1");
       2*:   14:        return 0;
        -:   15:    }
        2:   16:    else if(n<=5 && n!=3)
        -:   17:    {
        2:   18:        printf("3");
        2:   19:        return 0;
        -:   20:    }
    #####:   21:    for(i=5;i<50;i+=2)
        -:   22:    {
    #####:   23:        if(n<=d[i])
        -:   24:        {
    #####:   25:            printf("%d",i);
    #####:   26:            return 0;
        -:   27:        }
        -:   28:    }
        -:   29:}
