        -:    0:Source:E:/Prgorams/Python/access/cdata/version/v1013/test_data/defect_root/source/tcas.c
        -:    0:Graph:tcas.gcno
        -:    0:Data:tcas.gcda
        -:    0:Runs:6
        -:    1:#include<stdio.h>
        6:    2:int main(int argc, char *argv[])
        -:    3:{
        -:    4:    int n,sum,i;
        6:    5:    scanf("%d",&n);
        6:    6:    sum=1;
       36:    7:    for(i=1;i<=n-1;i++)
        -:    8:    {
       30:    9:        sum=sum+i;
       30:   10:        if(sum>n) sum=sum%n;
       30:   11:        printf("%d ",sum);
        -:   12:
        -:   13:    }
        -:   14:
        -:   15:
        6:   16:    return 0;
        -:   17:}
