        -:    0:Source:/home/cyxy/files/access/cdata/version/v831/test_data/defect_root/source/tcas.c
        -:    0:Graph:/home/cyxy/files/access/cdata/version/v831/test_data/defect_root/source/tcas.gcno
        -:    0:Data:/home/cyxy/files/access/cdata/version/v831/test_data/defect_root/source/tcas.gcda
        -:    0:Runs:29
        -:    1:#include <stdio.h>
        -:    2:#include <stdlib.h>
        -:    3:
       29:    4:int main(int argc, char *argv[])
        -:    5:{
        -:    6:    long n;
       29:    7:    scanf("%ld", &n);
       29:    8:    if (n % 7 == 6) printf("%ld ", n / 7 * 2 + 1);
    #####:    9:    else printf("%ld ", n / 7 * 2);
      29*:   10:    if (n % 7 == 0) printf("%ld\n", n / 7 * 2);
      29*:   11:    else if (n % 7 == 1) printf("%ld\n", n / 7 * 2 + 1);
       29:   12:    else printf("%ld\n", n / 7 * 2 + 2);
       29:   13:    return 0;
        -:   14:}
