        -:    0:Source:/home/cyxy/files/access/cdata/version/v894/test_data/defect_root/source/tcas.c
        -:    0:Graph:/home/cyxy/files/access/cdata/version/v894/test_data/defect_root/source/tcas.gcno
        -:    0:Data:/home/cyxy/files/access/cdata/version/v894/test_data/defect_root/source/tcas.gcda
        -:    0:Runs:6
        -:    1:#include<stdio.h>
        6:    2:int main(int argc, char *argv[])
        -:    3:{
        -:    4:    int n;
        6:    5:    scanf("%d",&n);
        6:    6:    for (int i=n;;i++)
      102:    7:    {
      108:    8:        n=n+1;
      108:    9:        int a=n/1000;
      108:   10:        int b=n/100%10;
      108:   11:        int c=n/10%10;
      108:   12:        int d=n%10;
      108:   13:        if (a != b && a != c && a != d && b != c && b != d && c != d)
        -:   14:        {
        6:   15:            break;
        -:   16:        }
        -:   17:    }
        6:   18:    printf("%d ",n);
        6:   19:return 0;
        -:   20:}
