        -:    0:Source:/home/cyxy/files/access/cdata/version/v1632/test_data/defect_root/source/tcas.c
        -:    0:Graph:/home/cyxy/files/access/cdata/version/v1632/test_data/defect_root/source/tcas.gcno
        -:    0:Data:/home/cyxy/files/access/cdata/version/v1632/test_data/defect_root/source/tcas.gcda
        -:    0:Runs:1
        -:    1:#include <stdio.h>
        -:    2:
        1:    3:int main(int argc, char *argv[]){
        -:    4:char hora;
        -:    5:int i,j,k,a,b,c,f;
        1:    6:scanf("%d%c%d",&i,&hora,&j);
        1:    7:scanf("%d%c%d",&a,&hora,&b);
        1:    8:k=(i-a);
        -:    9:
        -:   10:
        1:   11:c=(j-b);
       1*:   12:if(c<0 && k<=0){k=23+k; c=60+c;}else{
       1*:   13:if((i-a)<0 ){k=24+k;}}
       1*:   14:if(c<0 && k>0){k--; c=60+c;}
        -:   15:
        1:   16:printf("%02d:%02d",k,c);
        -:   17:
        -:   18:
        1:   19:return 0;
        -:   20:}
