        -:    0:Source:/home/cyxy/files/access/cdata/version/v1515/test_data/defect_root/source/tcas.c
        -:    0:Graph:/home/cyxy/files/access/cdata/version/v1515/test_data/defect_root/source/tcas.gcno
        -:    0:Data:/home/cyxy/files/access/cdata/version/v1515/test_data/defect_root/source/tcas.gcda
        -:    0:Runs:2
        -:    1:#include<stdio.h>
        -:    2:#include<string.h>
        2:    3:int main(int argc, char *argv[])
        -:    4:{
        2:    5:    int n,d=0,i,j,a[20]; scanf("%d",&n); int x=n;
        2:    6:    char s[10]={0};
        2:    7:    if(x==0) a[0]=0,d++;
       2*:    8:    while(x>0) a[d]=x%10,d++,x/=10;
        4:    9:    for(int i=0;i<d;i++){
        2:   10:            x=a[i];
      12*:   11:        if(x<5){ strcat(s,"O-|"); j=0;while(j<5){if(x>0) strcat(s,"O");else if(x==0) strcat(s,"-"); else strcat(s,"O"); x--;j++;}}
    #####:   12:        else {strcat(s,"-O|"); x-=5; j=0;while(j<5){if(x>0) strcat(s,"O");else if(x==0) strcat(s,"-"); else strcat(s,"O"); x--;j++; } }
        2:   13:        printf("%s\n",s); memset(s,0,sizeof(s));
        2:   14:    }    return 0;
        -:   15:}
