        -:    0:Source:/home/cyxy/files/access/cdata/version/v1474/test_data/defect_root/source/tcas.c
        -:    0:Graph:/home/cyxy/files/access/cdata/version/v1474/test_data/defect_root/source/tcas.gcno
        -:    0:Data:/home/cyxy/files/access/cdata/version/v1474/test_data/defect_root/source/tcas.gcda
        -:    0:Runs:3
        -:    1://两个对角线是一种字母，对角线之外是另外一种字母！
        -:    2://不能有其他字母出现！
        -:    3:/*interface*/
        -:    4:/*interface implementation*/
        -:    5:/*client*/
        -:    6:#include<stdio.h>
        -:    7:#define N 300+1
        3:    8:int main(int argc, char *argv[]) {
        -:    9:    int n;
        3:   10:    scanf("%d",&n);
        -:   11:    char paper[N][N];
        -:   12:    int i;
       14:   13:    for(i=0; i<n; i++) {
       11:   14:        scanf("%s",paper[i]);
        -:   15:    }
        3:   16:    char diagonal_element=paper[0][0];
        -:   17:    int j;
        3:   18:    int is_X=1;
       14:   19:    for(i=0; i<n && is_X; i++) {
        -:   20:        //i=j
       11:   21:        if(paper[i][i]!=diagonal_element) {
    #####:   22:            is_X=0;
        -:   23:        }
        -:   24:    }
        -:   25:    //printf("is_X=%d at left top diagonal\n",is_X);
        -:   26:    //(0,n-1),(1,n-2),(2,n-3)
       14:   27:    for(i=0; i<n && is_X; i++) {
        -:   28:        //j=n-1-i
       11:   29:        if(paper[i][n-1-i]!=diagonal_element) {
    #####:   30:            is_X=0;
        -:   31:        }
        -:   32:    }
        -:   33:    //printf("is_X=%d at right top diagonal\n",is_X);
        3:   34:    if(paper[0][1]!=paper[1][0]) {
    #####:   35:        is_X=0;
        -:   36:    } else {
        3:   37:        char non_diagonal_element=paper[1][0];
        3:   38:	if(non_diagonal_element==diagonal_element) is_X=0;
       3*:   39:        for(i=0; i<n && is_X; i++) {
    #####:   40:            for(j=0; j<n && is_X; j++) {
    #####:   41:                if(i!=j && j!=n-1-i) {
    #####:   42:                    if(paper[i][j]!= non_diagonal_element) {
    #####:   43:                        is_X=0;
        -:   44:                    }
        -:   45:                }
        -:   46:            }
        -:   47:        }
        -:   48:    }
        -:   49:    //printf("is_X=%d at non diagonal\n",is_X);
        3:   50:    if(is_X)
    #####:   51:        printf("YES\n");
        -:   52:    else
        3:   53:        printf("NO\n");
        -:   54:
        3:   55:    return 0;
        -:   56:}
