        -:    0:Source:/home/cyxy/files/access/cdata/version/v1093/test_data/defect_root/source/tcas.c
        -:    0:Graph:/home/cyxy/files/access/cdata/version/v1093/test_data/defect_root/source/tcas.gcno
        -:    0:Data:/home/cyxy/files/access/cdata/version/v1093/test_data/defect_root/source/tcas.gcda
        -:    0:Runs:9
        -:    1:#include <stdio.h>
        -:    2:#include <math.h>
        -:    3:
        9:    4:int main(int argc, char *argv[])
        -:    5:{
        -:    6:	int a;
        -:    7:	int b;
        -:    8:
        -:    9:	double x;
        -:   10:	double y;
        -:   11:
        -:   12:	int xa;
        -:   13:	int ya;
        9:   14:	int xb = -1001;
        -:   15:	int yb;
        -:   16:
        -:   17:	int i;
        -:   18:
        9:   19:	scanf("%d %d", &a, &b);
        -:   20:
     2601:   21:	for(xa = 1; xa < a; ++xa)
        -:   22:	{
     2601:   23:		y = sqrt((double)a*a-xa*xa);
     2601:   24:		ya = y;
     2601:   25:		if(y-ya == 0)
        -:   26:		{
       19:   27:			y = sqrt((double)(b*b*(double)xa*xa)/(xa*xa+ya*ya));
       19:   28:			yb = y;
       19:   29:			if(yb == ya)continue;
       17:   30:			if(y-yb == 0)
        -:   31:			{
        9:   32:				x = -(double)ya*yb/xa;
        9:   33:				xb = x;
        9:   34:				if(x - xb == 0)
        -:   35:				{
        9:   36:					break;
        -:   37:				}
        -:   38:			}
        -:   39:		}
        -:   40:	}
        -:   41:		
        -:   42:
        9:   43:	if(xb != -1001)
        -:   44:	{
        9:   45:		printf("YES\n");
        9:   46:		printf("0 0\n");
        9:   47:		printf("%d %d\n",xa,ya);
        9:   48:		printf("%d %d\n",xb,yb);
        -:   49:	}
        -:   50:	else
        -:   51:	{
    #####:   52:		printf("NO\n");
        -:   53:	}
        9:   54:	return 0;
        -:   55:}
