        -:    0:Source:/home/cyxy/files/access/cdata/version/v709/test_data/defect_root/source/tcas.c
        -:    0:Graph:/home/cyxy/files/access/cdata/version/v709/test_data/defect_root/source/tcas.gcno
        -:    0:Data:/home/cyxy/files/access/cdata/version/v709/test_data/defect_root/source/tcas.gcda
        -:    0:Runs:6
        -:    1:#include <stdio.h>
        6:    2:int main(int argc, char *argv[]){
        6:    3:    int i = 0  , j = 0  ;
        -:    4:char a[4][4];
       24:    5:for (i=0;i<3;i++){
       72:    6:    for(j=0;j<3;j++){
       54:    7:        scanf(" %c",&a[i][j]) ;
        -:    8:    }
        -:    9:}
       6*:   10:if ( a[0][0]==a[2][2]&&a[0][1]==a[2][1]&&a[1][0]==a[1][2]&&a[0][2]==a[2][0])printf("YES");
        6:   11:else printf("NO");
        -:   12:
        -:   13:
        6:   14:return 0 ;
        -:   15:
        -:   16:}
