        -:    0:Source:/home/cyxy/files/access/cdata/version/v1085/test_data/defect_root/source/tcas.c
        -:    0:Graph:/home/cyxy/files/access/cdata/version/v1085/test_data/defect_root/source/tcas.gcno
        -:    0:Data:/home/cyxy/files/access/cdata/version/v1085/test_data/defect_root/source/tcas.gcda
        -:    0:Runs:2
        -:    1:#include<stdio.h>
        -:    2:
        2:    3:int main(int argc, char *argv[])
        -:    4:{
        -:    5:    int n,a;
        2:    6:    scanf("%d",&n);
        2:    7:    n-=10;
       2*:    8:    if(n>=1&&n<=9)a=4;
        2:    9:    else if(n==11)a=4;
    #####:   10:    else if(n==10)a=15;
    #####:   11:    else a=0;
        2:   12:    printf("%d",a);
        2:   13:    return 0;
        -:   14:}
